<?xml version="1.0" encoding="UTF-8"?>
<testsuite name="LibraryTest" tests="1" skipped="0" failures="0" errors="0" timestamp="2017-03-18T16:01:42" hostname="Daniel-ПК" time="0.005">
  <properties/>
  <testcase name="testSomeLibraryMethod" classname="LibraryTest" time="0.005"/>
  <system-out><![CDATA[]]></system-out>
  <system-err><![CDATA[]]></system-err>
</testsuite>
